<?xml version="1.0" encoding="UTF-8"?>
<!-- Generated by org.testng.reporters.JUnitReportReporter -->
<testsuite skipped="0" hostname="GYANESH-PC" name="qsp.DemoA" tests="1" failures="0" timestamp="08 Mar 2018 05:43:18 GMT" time="0.016" errors="0">
  <testcase name="testA" time="0.016" classname="qsp.DemoA"/>
</testsuite> <!-- qsp.DemoA -->
