<?xml version="1.0" encoding="UTF-8"?>
<!-- Generated by org.testng.reporters.JUnitReportReporter -->
<testsuite skipped="0" hostname="GYANESH-PC" name="qsp.DemoB" tests="1" failures="0" timestamp="08 Mar 2018 05:43:18 GMT" time="0.002" errors="0">
  <testcase name="testB" time="0.002" classname="qsp.DemoB"/>
</testsuite> <!-- qsp.DemoB -->
